2021-12-12 00:10:21,547 1 requested file124.tt
2021-12-12 00:10:21,548 couldn't get file124.tt
2021-12-12 00:10:21,672 couldn't get file124.tt
2021-12-12 00:10:41,206 1 requested file5.txt
2021-12-12 00:10:41,206 couldn't get file5.txt
2021-12-12 00:10:41,230 1 got file5.txt from port 8083
2021-12-12 00:13:45,877 1 requested file5.txt
2021-12-12 00:13:45,878 couldn't get file5.txt
2021-12-12 00:13:45,902 1 got file5.txt from port 8083
2021-12-12 00:14:56,266 Node1 wrong request
2021-12-12 00:15:04,328 1 requested file5.txt
2021-12-12 00:15:04,329 couldn't get file5.txt
2021-12-12 00:15:04,359 1 got file5.txt from port 8083
2021-12-12 00:15:45,852 1 requested file5.txt
2021-12-12 00:15:45,853 couldn't get file5.txt
2021-12-12 00:15:45,876 1 got file5.txt from port 8083
2021-12-12 00:16:31,415 1 requested file55413654.txt
2021-12-12 00:16:31,416 couldn't get file55413654.txt
2021-12-12 00:16:31,452 couldn't get file55413654.txt
2021-12-12 00:16:38,083 1 requested file5.txt
2021-12-12 00:16:38,105 1 got file5.txt from port 8083
2021-12-12 00:17:24,324 1 requested file5.txt
2021-12-12 00:17:24,362 1 got file5.txt from port 8083
2021-12-12 00:17:56,139 1 requested file31245612.txt
2021-12-12 00:17:56,139 couldn't get file31245612.txt
2021-12-16 23:10:39,273 1 requested file5.txt
2021-12-16 23:12:50,412 1 requested file5.txt
2021-12-16 23:13:59,217 1 requested file5.txt
2021-12-16 23:14:34,895 1 requested file5.txt
2021-12-16 23:14:34,966 1 got file5.txt from port 8083
2021-12-16 23:17:52,300 1 requested file10.txt
2021-12-16 23:17:52,315 1 got file10.txt from port 8084
2021-12-16 23:18:04,542 1 requested ladkjalwkdjlaw
2021-12-16 23:18:04,543 couldn't get ladkjalwkdjlaw
2021-12-16 23:18:27,583 3 requested file8.txt
2021-12-16 23:21:35,260 Started server process [21727]
2021-12-16 23:21:35,261 Waiting for application startup.
2021-12-16 23:21:35,261 Application startup complete.
2021-12-16 23:21:35,262 Uvicorn running on http://localhost:8081 (Press CTRL+C to quit)
2021-12-16 23:21:39,211 Started server process [21750]
2021-12-16 23:21:39,212 Waiting for application startup.
2021-12-16 23:21:39,213 Application startup complete.
2021-12-16 23:21:39,214 Uvicorn running on http://localhost:8082 (Press CTRL+C to quit)
2021-12-16 23:21:42,860 Started server process [21788]
2021-12-16 23:21:42,861 Waiting for application startup.
2021-12-16 23:21:42,861 Application startup complete.
2021-12-16 23:21:42,863 Uvicorn running on http://localhost:8083 (Press CTRL+C to quit)
2021-12-16 23:21:45,201 Started server process [21820]
2021-12-16 23:21:45,201 Waiting for application startup.
2021-12-16 23:21:45,202 Application startup complete.
2021-12-16 23:21:45,203 Uvicorn running on http://localhost:8084 (Press CTRL+C to quit)
2021-12-16 23:27:45,518 Started server process [22597]
2021-12-16 23:27:45,519 Waiting for application startup.
2021-12-16 23:27:45,519 Application startup complete.
2021-12-16 23:27:45,523 Uvicorn running on http://localhost:8081 (Press CTRL+C to quit)
2021-12-16 23:27:51,804 Started server process [22680]
2021-12-16 23:27:51,804 Waiting for application startup.
2021-12-16 23:27:51,805 Application startup complete.
2021-12-16 23:27:51,814 Uvicorn running on http://localhost:8084 (Press CTRL+C to quit)
2021-12-16 23:27:55,503 Started server process [22713]
2021-12-16 23:27:55,504 Waiting for application startup.
2021-12-16 23:27:55,504 Application startup complete.
2021-12-16 23:27:55,506 Uvicorn running on http://localhost:8083 (Press CTRL+C to quit)
2021-12-16 23:27:58,808 Started server process [22755]
2021-12-16 23:27:58,809 Waiting for application startup.
2021-12-16 23:27:58,809 Application startup complete.
2021-12-16 23:27:58,810 Uvicorn running on http://localhost:8082 (Press CTRL+C to quit)
2021-12-16 23:32:30,670 Started server process [23707]
2021-12-16 23:32:30,671 Waiting for application startup.
2021-12-16 23:32:30,671 Application startup complete.
2021-12-16 23:32:30,672 Uvicorn running on http://localhost:8081 (Press CTRL+C to quit)
2021-12-16 23:32:33,594 Started server process [23742]
2021-12-16 23:32:33,596 Waiting for application startup.
2021-12-16 23:32:33,596 Application startup complete.
2021-12-16 23:32:33,598 Uvicorn running on http://localhost:8082 (Press CTRL+C to quit)
2021-12-16 23:32:35,892 Started server process [23779]
2021-12-16 23:32:35,893 Waiting for application startup.
2021-12-16 23:32:35,894 Application startup complete.
2021-12-16 23:32:35,898 Uvicorn running on http://localhost:8083 (Press CTRL+C to quit)
2021-12-16 23:32:38,601 Started server process [23826]
2021-12-16 23:32:38,607 Waiting for application startup.
2021-12-16 23:32:38,607 Application startup complete.
2021-12-16 23:32:38,614 Uvicorn running on http://localhost:8084 (Press CTRL+C to quit)
2021-12-16 23:33:03,509 1 requested file8.txt
2021-12-16 23:33:27,963 Started server process [24011]
2021-12-16 23:33:27,964 Waiting for application startup.
2021-12-16 23:33:27,964 Application startup complete.
2021-12-16 23:33:27,966 Uvicorn running on http://localhost:8081 (Press CTRL+C to quit)
2021-12-16 23:33:36,394 1 requested file10.txt
2021-12-16 23:33:36,405 1 got file10.txt from port 8084
